This file contains any messages produced by compilers while
running configure, to aid debugging if configure makes a mistake.

It was created by sdiOS configure 0.1, which was
generated by GNU Autoconf 2.61.  Invocation command line was

  $ ../configure --prefix=/home/user/devel/sdi/sdios/boot/ --with-comport=0 --with-comspeed=115200

## --------- ##
## Platform. ##
## --------- ##

hostname = L4Dev
uname -m = i686
uname -r = 2.6.26-2-686
uname -s = Linux
uname -v = #1 SMP Wed Nov 4 20:45:37 UTC 2009

/usr/bin/uname -p = unknown
/bin/uname -X     = unknown

/bin/arch              = unknown
/usr/bin/arch -k       = unknown
/usr/convex/getsysinfo = unknown
/usr/bin/hostinfo      = unknown
/bin/machine           = unknown
/usr/bin/oslevel       = unknown
/bin/universe          = unknown

PATH: /home/user/bin
PATH: /opt/gcc-3.4.6/bin
PATH: /usr/local/bin
PATH: /usr/bin
PATH: /bin
PATH: /usr/games


## ----------- ##
## Core tests. ##
## ----------- ##

configure:1849: checking for gcc
configure:1865: found /opt/gcc-3.4.6/bin/gcc
configure:1876: result: gcc
configure:2114: checking for C compiler version
configure:2121: gcc --version >&5
gcc (GCC) 3.4.6
Copyright (C) 2006 Free Software Foundation, Inc.
This is free software; see the source for copying conditions.  There is NO
warranty; not even for MERCHANTABILITY or FITNESS FOR A PARTICULAR PURPOSE.

configure:2124: $? = 0
configure:2131: gcc -v >&5
Reading specs from /opt/gcc-3.4.6/lib/gcc/i686-pc-linux-gnu/3.4.6/specs
Configured with: ./configure --prefix=/opt : (reconfigured) ./configure --prefix=/opt/gcc-3.4.6
Thread model: posix
gcc version 3.4.6
configure:2134: $? = 0
configure:2141: gcc -V >&5
gcc: `-V' option must have argument
configure:2144: $? = 1
configure:2167: checking for C compiler default output file name
configure:2194: gcc    conftest.c  >&5
configure:2197: $? = 0
configure:2235: result: a.out
configure:2252: checking whether the C compiler works
configure:2262: ./a.out
configure:2265: $? = 0
configure:2282: result: yes
configure:2289: checking whether we are cross compiling
configure:2291: result: no
configure:2294: checking for suffix of executables
configure:2301: gcc -o conftest    conftest.c  >&5
configure:2304: $? = 0
configure:2328: result: 
configure:2334: checking for suffix of object files
configure:2360: gcc -c   conftest.c >&5
configure:2363: $? = 0
configure:2386: result: o
configure:2390: checking whether we are using the GNU C compiler
configure:2419: gcc -c   conftest.c >&5
configure:2425: $? = 0
configure:2442: result: yes
configure:2447: checking whether gcc accepts -g
configure:2477: gcc -c -g  conftest.c >&5
configure:2483: $? = 0
configure:2582: result: yes
configure:2599: checking for gcc option to accept ISO C89
configure:2673: gcc  -c -g -O2  conftest.c >&5
configure:2679: $? = 0
configure:2702: result: none needed
configure:2764: checking for a BSD-compatible install
configure:2820: result: /usr/bin/install -c
configure:2831: checking whether make sets $(MAKE)
configure:2852: result: yes
configure:2861: checking whether ln -s works
configure:2865: result: yes
configure:2876: checking for gawk
configure:2906: result: no
configure:2876: checking for mawk
configure:2892: found /usr/bin/mawk
configure:2903: result: mawk
configure:2996: checking location of libgcc.a
configure:3000: result: /opt/gcc-3.4.6/lib/gcc/i686-pc-linux-gnu/3.4.6
configure:3003: checking location of stdarg.h
configure:3023: result: /opt/gcc-3.4.6/lib/gcc/i686-pc-linux-gnu/3.4.6/include
configure:3032: checking kernel build directory
configure:3074: result: $(top_builddir)
configure:3123: checking for idl4
configure:3141: found /usr/local/bin/idl4
configure:3153: result: /usr/local/bin/idl4
configure:3351: creating ./config.status

## ---------------------- ##
## Running config.status. ##
## ---------------------- ##

This file was extended by sdiOS config.status 0.1, which was
generated by GNU Autoconf 2.61.  Invocation command line was

  CONFIG_FILES    = 
  CONFIG_HEADERS  = 
  CONFIG_LINKS    = 
  CONFIG_COMMANDS = 
  $ ./config.status 

on L4Dev

config.status:622: creating config.mk
config.status:622: creating Makefile
config.status:622: creating if/Makefile
config.status:622: creating lib/Makefile
config.status:622: creating lib/l4/Makefile
config.status:622: creating lib/io/Makefile
config.status:622: creating lib/sdi/Makefile
config.status:622: creating serv/Makefile
config.status:622: creating serv/sigma0/Makefile
config.status:622: creating src/Makefile
config.status:622: creating src/root/Makefile
config.status:622: creating src/test/Makefile
config.status:622: creating src/test2/Makefile
config.status:622: creating util/Makefile
config.status:622: creating util/kickstart/Makefile
config.status:622: creating config.h

## ---------------- ##
## Cache variables. ##
## ---------------- ##

ac_cv_c_compiler_gnu=yes
ac_cv_env_CC_set=
ac_cv_env_CC_value=
ac_cv_env_CFLAGS_set=
ac_cv_env_CFLAGS_value=
ac_cv_env_CPPFLAGS_set=
ac_cv_env_CPPFLAGS_value=
ac_cv_env_LDFLAGS_set=
ac_cv_env_LDFLAGS_value=
ac_cv_env_LIBS_set=
ac_cv_env_LIBS_value=
ac_cv_env_build_alias_set=
ac_cv_env_build_alias_value=
ac_cv_env_host_alias_set=
ac_cv_env_host_alias_value=
ac_cv_env_target_alias_set=
ac_cv_env_target_alias_value=
ac_cv_objext=o
ac_cv_path_IDL4=/usr/local/bin/idl4
ac_cv_path_install='/usr/bin/install -c'
ac_cv_prog_AWK=mawk
ac_cv_prog_ac_ct_CC=gcc
ac_cv_prog_cc_c89=
ac_cv_prog_cc_g=yes
ac_cv_prog_make_make_set=yes

## ----------------- ##
## Output variables. ##
## ----------------- ##

ARCH='ia32'
ARCHSW='IA32'
AWK='mawk'
BITS='32'
CC='gcc'
CFLAGS='-nostdinc -I/usr/local/include -g -O2'
CPPFLAGS='-I. -I$(top_srcdir)/include -I$(top_builddir) -I/opt/gcc-3.4.6/lib/gcc/i686-pc-linux-gnu/3.4.6/include -DCONFIG_ARCH_IA32 '
CROSSCC=''
CXXFLAGS='-fno-exceptions -I/usr/local/include  '
DEFS='-DHAVE_CONFIG_H'
ECHO_C=''
ECHO_N='-n'
ECHO_T=''
EXEEXT=''
IDL4='/usr/local/bin/idl4'
IDL4FLAGS='-I$(top_srcdir)/if -I$(top_srcdir)/include -I$(top_builddir) -mc++ -DCONFIG_ARCH_IA32'
INSTALL_DATA='${INSTALL} -m 644'
INSTALL_PROGRAM='${INSTALL}'
INSTALL_SCRIPT='${INSTALL}'
KICKSTART_LINKBASE='00800000'
LDFLAGS='-N -L$(top_builddir)/lib -L/opt/gcc-3.4.6/lib/gcc/i686-pc-linux-gnu/3.4.6 -nostdlib '
LIBOBJS=''
LIBS=''
LN_S='ln -s'
LTLIBOBJS=''
OBJEXT='o'
PACKAGE_BUGREPORT=''
PACKAGE_NAME='sdiOS'
PACKAGE_STRING='sdiOS 0.1'
PACKAGE_TARNAME='sdios'
PACKAGE_VERSION='0.1'
PATH_SEPARATOR=':'
PLAT=''
ROOTTASK_LINKBASE='00300000'
SET_MAKE=''
SHELL='/bin/sh'
SIGMA0_LINKBASE='00020000'
TOOLPREFIX=''
ac_ct_CC='gcc'
bindir='${exec_prefix}/bin'
build_alias=''
datadir='${datarootdir}'
datarootdir='${prefix}/share'
docdir='${datarootdir}/doc/${PACKAGE_TARNAME}'
dvidir='${docdir}'
exec_prefix='${prefix}'
host_alias=''
htmldir='${docdir}'
includedir='${prefix}/include'
infodir='${datarootdir}/info'
kerneldir='$(top_builddir)'
libdir='${exec_prefix}/lib/l4'
libexecdir='${exec_prefix}/libexec/l4'
localedir='${datarootdir}/locale'
localstatedir='${prefix}/var'
mandir='${datarootdir}/man'
oldincludedir='/usr/include'
pdfdir='${docdir}'
prefix='/home/user/devel/sdi/sdios/boot/'
program_transform_name='s,x,x,'
psdir='${docdir}'
sbindir='${exec_prefix}/sbin'
sharedstatedir='${prefix}/com'
sysconfdir='${prefix}/etc'
target_alias=''

## ----------- ##
## confdefs.h. ##
## ----------- ##

#define PACKAGE_NAME "sdiOS"
#define PACKAGE_TARNAME "sdios"
#define PACKAGE_VERSION "0.1"
#define PACKAGE_STRING "sdiOS 0.1"
#define PACKAGE_BUGREPORT ""
#define CONFIG_COMPORT 0
#define CONFIG_COMSPEED 115200

configure: exit 0
